<?xml version="1.0" encoding="UTF-8"?>
<!-- Generated by org.testng.reporters.JUnitXMLReporter -->
<testsuite ignored="0" hostname="LAPTOP-O1BU3BPH" failures="0" tests="10" name="Default test" time="304.955" errors="0" timestamp="2026-04-28T20:19:43 IST">
  <testcase classname="helper_att.sampleTest" name="chrome" time="259.737"/>
  <testcase classname="helper_att.sampleTest" name="chrome" time="272.592"/>
  <testcase classname="helper_att.sampleTest" name="chrome" time="289.354"/>
  <testcase classname="helper_att.sampleTest" name="chrome" time="304.823"/>
  <testcase classname="helper_att.sampleTest" name="chrome" time="304.824"/>
  <testcase classname="helper_att.sampleTest" name="chrome" time="304.825"/>
  <testcase classname="helper_att.sampleTest" name="chrome" time="304.824"/>
  <testcase classname="helper_att.sampleTest" name="chrome" time="304.823"/>
  <testcase classname="helper_att.sampleTest" name="chrome" time="304.87"/>
  <testcase classname="helper_att.sampleTest" name="chrome" time="304.9"/>
</testsuite> <!-- Default test -->
