<?xml version="1.0" encoding="UTF-8"?>
<!-- Generated by org.testng.reporters.JUnitXMLReporter -->
<testsuite ignored="0" hostname="LAPTOP-O1BU3BPH" failures="0" tests="6" name="Default test" time="28.06" errors="0" timestamp="2026-04-29T20:05:59 IST">
  <testcase classname="helper_att.DataProviderTest" name="sdLogin" time="4.98"/>
  <testcase classname="helper_att.DataProviderTest" name="sdLogin" time="3.43"/>
  <testcase classname="helper_att.DataProviderTest" name="sdLogin" time="4.334"/>
  <testcase classname="helper_att.DataProviderTest" name="sdLogin" time="8.364"/>
  <testcase classname="helper_att.DataProviderTest" name="sdLogin" time="3.61"/>
  <testcase classname="helper_att.DataProviderTest" name="sdLogin" time="3.298"/>
</testsuite> <!-- Default test -->
