<?xml version="1.0" encoding="UTF-8"?>
<!-- Generated by org.testng.reporters.JUnitXMLReporter -->
<testsuite ignored="0" hostname="LAPTOP-O1BU3BPH" failures="0" tests="3" name="TestRunner3" time="10.0" errors="0" timestamp="2026-05-05T14:03:35 IST">
  <testcase classname="type_of_execution.ContactTest" name="createContactTest" time="3.785"/>
  <testcase classname="type_of_execution.ContactTest" name="deleteContactTest" time="3.027"/>
  <testcase classname="type_of_execution.ContactTest" name="modifyContactTest" time="3.141"/>
</testsuite> <!-- TestRunner3 -->
