<?xml version="1.0" encoding="UTF-8"?>
<!-- Generated by org.testng.reporters.JUnitXMLReporter -->
<testsuite ignored="2" hostname="LAPTOP-O1BU3BPH" failures="0" tests="7" name="Test" time="0.065" errors="0" timestamp="2026-05-02T10:55:13 IST">
  <testcase classname="type_of_execution.OrgTest" name="createOrgTest" time="0.008"/>
  <testcase classname="type_of_execution.OrgTest" name="deleteOrgTest" time="0.001"/>
  <testcase classname="type_of_execution.OrgTest" name="modifyOrgTest" time="0.001"/>
  <testcase classname="type_of_execution.ContactTest" name="modifyContactTest" time="0.001"/>
  <testcase classname="type_of_execution.LeadTest" name="createLeadTest" time="0.003"/>
  <testcase classname="type_of_execution.LeadTest" name="deleteLeadTest" time="0.002"/>
  <testcase classname="type_of_execution.LeadTest" name="modifyLeadTest" time="0.001"/>
  <testcase classname="type_of_execution.ContactTest" name="createContactTest" time="0.0">
    <ignored/>
  </testcase> <!-- createContactTest -->
  <testcase classname="type_of_execution.ContactTest" name="deleteContactTest" time="0.0">
    <ignored/>
  </testcase> <!-- deleteContactTest -->
</testsuite> <!-- Test -->
