<?xml version="1.0" encoding="UTF-8"?>
<!-- Generated by org.testng.reporters.JUnitXMLReporter -->
<testsuite ignored="0" hostname="LAPTOP-O1BU3BPH" failures="0" tests="3" name="TestRunner1" time="0.071" errors="0" timestamp="2026-05-05T14:03:25 IST">
  <testcase classname="type_of_execution.OrgTest" name="createOrgTest" time="0.012"/>
  <testcase classname="type_of_execution.OrgTest" name="deleteOrgTest" time="0.003"/>
  <testcase classname="type_of_execution.OrgTest" name="modifyOrgTest" time="0.002"/>
</testsuite> <!-- TestRunner1 -->
