<?xml version="1.0" encoding="UTF-8"?>
<!-- Generated by org.testng.reporters.JUnitXMLReporter -->
<testsuite ignored="0" hostname="LAPTOP-O1BU3BPH" failures="0" tests="3" name="TestRunner2" time="10.047" errors="0" timestamp="2026-05-05T14:03:35 IST">
  <testcase classname="type_of_execution.LeadTest" name="createLeadTest" time="3.785"/>
  <testcase classname="type_of_execution.LeadTest" name="deleteLeadTest" time="3.058"/>
  <testcase classname="type_of_execution.LeadTest" name="modifyLeadTest" time="3.157"/>
</testsuite> <!-- TestRunner2 -->
