<?xml version="1.0" encoding="UTF-8"?>
<testng-results ignored="0" total="6" passed="6" failed="0" skipped="0">
  <reporter-output>
  </reporter-output>
  <suite started-at="2026-04-29T20:05:31 IST" name="Default suite" finished-at="2026-04-29T20:05:59 IST" duration-ms="28060">
    <groups>
    </groups>
    <test started-at="2026-04-29T20:05:31 IST" name="Default test" finished-at="2026-04-29T20:05:59 IST" duration-ms="28060">
      <class name="helper_att.DataProviderTest">
        <test-method signature="sdLogin(java.lang.String,java.lang.String)[pri:0, instance:helper_att.DataProviderTest@c730b35]" started-at="2026-04-29T20:05:31 IST" name="sdLogin" data-provider="getData" finished-at="2026-04-29T20:05:36 IST" duration-ms="4980" status="PASS">
          <params>
            <param index="0">
              <value>
                <![CDATA[standard_user]]>
              </value>
            </param>
            <param index="1">
              <value>
                <![CDATA[secret_sauce]]>
              </value>
            </param>
          </params>
          <reporter-output>
          </reporter-output>
        </test-method> <!-- sdLogin -->
        <test-method signature="sdLogin(java.lang.String,java.lang.String)[pri:0, instance:helper_att.DataProviderTest@c730b35]" started-at="2026-04-29T20:05:36 IST" name="sdLogin" data-provider="getData" finished-at="2026-04-29T20:05:39 IST" duration-ms="3430" status="PASS">
          <params>
            <param index="0">
              <value>
                <![CDATA[locked_out_user]]>
              </value>
            </param>
            <param index="1">
              <value>
                <![CDATA[secret_sauce]]>
              </value>
            </param>
          </params>
          <reporter-output>
          </reporter-output>
        </test-method> <!-- sdLogin -->
        <test-method signature="sdLogin(java.lang.String,java.lang.String)[pri:0, instance:helper_att.DataProviderTest@c730b35]" started-at="2026-04-29T20:05:39 IST" name="sdLogin" data-provider="getData" finished-at="2026-04-29T20:05:43 IST" duration-ms="4334" status="PASS">
          <params>
            <param index="0">
              <value>
                <![CDATA[problem_user]]>
              </value>
            </param>
            <param index="1">
              <value>
                <![CDATA[secret_sauce]]>
              </value>
            </param>
          </params>
          <reporter-output>
          </reporter-output>
        </test-method> <!-- sdLogin -->
        <test-method signature="sdLogin(java.lang.String,java.lang.String)[pri:0, instance:helper_att.DataProviderTest@c730b35]" started-at="2026-04-29T20:05:43 IST" name="sdLogin" data-provider="getData" finished-at="2026-04-29T20:05:52 IST" duration-ms="8364" status="PASS">
          <params>
            <param index="0">
              <value>
                <![CDATA[performance_glitch_user]]>
              </value>
            </param>
            <param index="1">
              <value>
                <![CDATA[secret_sauce]]>
              </value>
            </param>
          </params>
          <reporter-output>
          </reporter-output>
        </test-method> <!-- sdLogin -->
        <test-method signature="sdLogin(java.lang.String,java.lang.String)[pri:0, instance:helper_att.DataProviderTest@c730b35]" started-at="2026-04-29T20:05:52 IST" name="sdLogin" data-provider="getData" finished-at="2026-04-29T20:05:55 IST" duration-ms="3610" status="PASS">
          <params>
            <param index="0">
              <value>
                <![CDATA[error_user]]>
              </value>
            </param>
            <param index="1">
              <value>
                <![CDATA[secret_sauce]]>
              </value>
            </param>
          </params>
          <reporter-output>
          </reporter-output>
        </test-method> <!-- sdLogin -->
        <test-method signature="sdLogin(java.lang.String,java.lang.String)[pri:0, instance:helper_att.DataProviderTest@c730b35]" started-at="2026-04-29T20:05:55 IST" name="sdLogin" data-provider="getData" finished-at="2026-04-29T20:05:59 IST" duration-ms="3298" status="PASS">
          <params>
            <param index="0">
              <value>
                <![CDATA[visual_user]]>
              </value>
            </param>
            <param index="1">
              <value>
                <![CDATA[secret_sauce]]>
              </value>
            </param>
          </params>
          <reporter-output>
          </reporter-output>
        </test-method> <!-- sdLogin -->
      </class> <!-- helper_att.DataProviderTest -->
    </test> <!-- Default test -->
  </suite> <!-- Default suite -->
</testng-results>
