<?xml version="1.0" encoding="UTF-8"?>
<testng-results ignored="0" total="1" passed="1" failed="0" skipped="0">
  <reporter-output>
  </reporter-output>
  <suite started-at="2026-05-12T08:25:47 IST" name="Default suite" finished-at="2026-05-12T08:26:10 IST" duration-ms="22346">
    <groups>
    </groups>
    <test started-at="2026-05-12T08:25:47 IST" name="Default test" finished-at="2026-05-12T08:26:10 IST" duration-ms="22346">
      <class name="crm.vtiger.organization.CreateOrgTestBaseC">
        <test-method is-config="true" signature="setUp()[pri:0, instance:crm.vtiger.organization.CreateOrgTestBaseC@510f3d34]" started-at="2026-05-12T08:25:47 IST" name="setUp" finished-at="2026-05-12T08:25:48 IST" duration-ms="1097" status="PASS">
          <reporter-output>
          </reporter-output>
        </test-method> <!-- setUp -->
        <test-method is-config="true" signature="login()[pri:0, instance:crm.vtiger.organization.CreateOrgTestBaseC@510f3d34]" started-at="2026-05-12T08:25:48 IST" name="login" finished-at="2026-05-12T08:25:51 IST" duration-ms="2649" status="PASS">
          <reporter-output>
          </reporter-output>
        </test-method> <!-- login -->
        <test-method signature="createOrgBaseTest()[pri:0, instance:crm.vtiger.organization.CreateOrgTestBaseC@510f3d34]" started-at="2026-05-12T08:25:51 IST" name="createOrgBaseTest" finished-at="2026-05-12T08:26:05 IST" duration-ms="14411" status="PASS">
          <reporter-output>
          </reporter-output>
        </test-method> <!-- createOrgBaseTest -->
        <test-method is-config="true" signature="logout()[pri:0, instance:crm.vtiger.organization.CreateOrgTestBaseC@510f3d34]" started-at="2026-05-12T08:26:05 IST" name="logout" finished-at="2026-05-12T08:26:06 IST" duration-ms="956" status="PASS">
          <reporter-output>
          </reporter-output>
        </test-method> <!-- logout -->
        <test-method is-config="true" signature="closeBro()[pri:0, instance:crm.vtiger.organization.CreateOrgTestBaseC@510f3d34]" started-at="2026-05-12T08:26:06 IST" name="closeBro" finished-at="2026-05-12T08:26:10 IST" duration-ms="3201" status="PASS">
          <reporter-output>
          </reporter-output>
        </test-method> <!-- closeBro -->
      </class> <!-- crm.vtiger.organization.CreateOrgTestBaseC -->
    </test> <!-- Default test -->
  </suite> <!-- Default suite -->
</testng-results>
