<?xml version="1.0" encoding="UTF-8"?>
<!-- Generated by org.testng.reporters.JUnitReportReporter -->
<testsuite hostname="LAPTOP-O1BU3BPH" failures="0" tests="6" name="helper_att.DataProviderTest" time="28.016" errors="0" timestamp="2026-04-29T20:05:59 IST" skipped="0">
  <testcase classname="helper_att.DataProviderTest" name="sdLogin" time="3.610"/>
  <testcase classname="helper_att.DataProviderTest" name="sdLogin" time="8.364"/>
  <testcase classname="helper_att.DataProviderTest" name="sdLogin" time="4.980"/>
  <testcase classname="helper_att.DataProviderTest" name="sdLogin" time="4.334"/>
  <testcase classname="helper_att.DataProviderTest" name="sdLogin" time="3.430"/>
  <testcase classname="helper_att.DataProviderTest" name="sdLogin" time="3.298"/>
</testsuite> <!-- helper_att.DataProviderTest -->
