<?xml version="1.0" encoding="UTF-8"?>
<!-- Generated by org.testng.reporters.JUnitReportReporter -->
<testsuite hostname="LAPTOP-O1BU3BPH" failures="0" tests="10" name="helper_att.sampleTest" time="2955.572" errors="0" timestamp="2026-04-28T20:19:43 IST" skipped="0">
  <testcase classname="helper_att.sampleTest" name="chrome" time="304.824"/>
  <testcase classname="helper_att.sampleTest" name="chrome" time="304.825"/>
  <testcase classname="helper_att.sampleTest" name="chrome" time="304.870"/>
  <testcase classname="helper_att.sampleTest" name="chrome" time="304.824"/>
  <testcase classname="helper_att.sampleTest" name="chrome" time="289.354"/>
  <testcase classname="helper_att.sampleTest" name="chrome" time="272.592"/>
  <testcase classname="helper_att.sampleTest" name="chrome" time="304.823"/>
  <testcase classname="helper_att.sampleTest" name="chrome" time="304.823"/>
  <testcase classname="helper_att.sampleTest" name="chrome" time="304.900"/>
  <testcase classname="helper_att.sampleTest" name="chrome" time="259.737"/>
</testsuite> <!-- helper_att.sampleTest -->
