<?xml version="1.0" encoding="UTF-8"?>
<!-- Generated by org.testng.reporters.JUnitReportReporter -->
<testsuite hostname="LAPTOP-O1BU3BPH" failures="0" tests="3" name="type_of_execution.LeadTest" time="0.006" errors="0" timestamp="2026-05-02T10:55:13 IST" skipped="0">
  <testcase classname="type_of_execution.LeadTest" name="deleteLeadTest" time="0.002"/>
  <testcase classname="type_of_execution.LeadTest" name="modifyLeadTest" time="0.001"/>
  <testcase classname="type_of_execution.LeadTest" name="createLeadTest" time="0.003"/>
</testsuite> <!-- type_of_execution.LeadTest -->
