<?xml version="1.0" encoding="UTF-8"?>
<!-- Generated by org.testng.reporters.JUnitReportReporter -->
<testsuite hostname="LAPTOP-O1BU3BPH" failures="0" tests="2" name="testng_extra.DemoTest" time="5.627" errors="0" timestamp="2026-04-27T20:09:45 IST" skipped="0">
  <testcase classname="testng_extra.DemoTest" name="case1" time="2.071"/>
  <testcase classname="testng_extra.DemoTest" name="case2" time="3.556">
    <system-out>
      <![CDATA[hi]]>
    </system-out>
  </testcase> <!-- case2 -->
  <system-out>
    <![CDATA[hi]]>
  </system-out>
</testsuite> <!-- testng_extra.DemoTest -->
