<?xml version="1.0" encoding="UTF-8"?>
<!-- Generated by org.testng.reporters.JUnitReportReporter -->
<testsuite hostname="LAPTOP-O1BU3BPH" failures="0" tests="3" name="type_of_execution.LeadTest" time="10.000" errors="0" timestamp="2026-05-05T14:03:35 IST" skipped="0">
  <testcase classname="type_of_execution.LeadTest" name="createLeadTest" time="3.785"/>
  <testcase classname="type_of_execution.LeadTest" name="modifyLeadTest" time="3.157"/>
  <testcase classname="type_of_execution.LeadTest" name="deleteLeadTest" time="3.058"/>
</testsuite> <!-- type_of_execution.LeadTest -->
