<?xml version="1.0" encoding="UTF-8"?>
<!-- Generated by org.testng.reporters.JUnitReportReporter -->
<testsuite hostname="LAPTOP-O1BU3BPH" failures="0" tests="15" name="helper_att.LearningDataProvider" time="60.916" errors="0" timestamp="2026-04-29T19:53:45 IST" skipped="0">
  <testcase classname="helper_att.LearningDataProvider" name="fbLogin" time="3.920"/>
  <testcase classname="helper_att.LearningDataProvider" name="fbLogin" time="3.923"/>
  <testcase classname="helper_att.LearningDataProvider" name="fbLogin" time="3.780"/>
  <testcase classname="helper_att.LearningDataProvider" name="fbLogin" time="3.817"/>
  <testcase classname="helper_att.LearningDataProvider" name="fbLogin" time="4.103"/>
  <testcase classname="helper_att.LearningDataProvider" name="fbLogin" time="3.828"/>
  <testcase classname="helper_att.LearningDataProvider" name="fbLogin" time="3.750"/>
  <testcase classname="helper_att.LearningDataProvider" name="fbLogin" time="4.132"/>
  <testcase classname="helper_att.LearningDataProvider" name="fbLogin" time="3.844"/>
  <testcase classname="helper_att.LearningDataProvider" name="fbLogin" time="3.666"/>
  <testcase classname="helper_att.LearningDataProvider" name="fbLogin" time="7.006"/>
  <testcase classname="helper_att.LearningDataProvider" name="fbLogin" time="3.857"/>
  <testcase classname="helper_att.LearningDataProvider" name="fbLogin" time="3.640"/>
  <testcase classname="helper_att.LearningDataProvider" name="fbLogin" time="3.701"/>
  <testcase classname="helper_att.LearningDataProvider" name="fbLogin" time="3.949"/>
</testsuite> <!-- helper_att.LearningDataProvider -->
