<?xml version="1.0" encoding="UTF-8"?>
<!-- Generated by org.testng.reporters.JUnitReportReporter -->
<testsuite hostname="LAPTOP-O1BU3BPH" failures="0" tests="3" name="type_of_execution.OpenBrowser" time="8.599" errors="1" timestamp="2026-05-05T14:30:39 IST" skipped="0">
  <testcase classname="type_of_execution.OpenBrowser" name="openBro" time="0.128">
    <error message="Unable to obtain: geckodriver, error Command failed with code: 65, executed: [--browser, firefox, --language-binding, java, --output, json]
error sending request for url (https://github.com/mozilla/geckodriver/releases/latest)
Build info: version: &#039;4.41.0&#039;, revision: &#039;9fc754f&#039;
System info: os.name: &#039;Windows 11&#039;, os.arch: &#039;amd64&#039;, os.version: &#039;10.0&#039;, java.version: &#039;21.0.10&#039;
Driver info: driver.version: FirefoxDriver" type="org.openqa.selenium.remote.NoSuchDriverException">
      <![CDATA[org.openqa.selenium.remote.NoSuchDriverException: Unable to obtain: geckodriver, error Command failed with code: 65, executed: [--browser, firefox, --language-binding, java, --output, json]
error sending request for url (https://github.com/mozilla/geckodriver/releases/latest)
Build info: version: '4.41.0', revision: '9fc754f'
System info: os.name: 'Windows 11', os.arch: 'amd64', os.version: '10.0', java.version: '21.0.10'
Driver info: driver.version: FirefoxDriver
at org.openqa.selenium.remote.service.DriverFinder.getBinaryPaths(DriverFinder.java:123)
at org.openqa.selenium.remote.service.DriverFinder.getDriverPath(DriverFinder.java:54)
at org.openqa.selenium.firefox.FirefoxDriver.generateExecutor(FirefoxDriver.java:128)
at org.openqa.selenium.firefox.FirefoxDriver.<init>(FirefoxDriver.java:119)
at org.openqa.selenium.firefox.FirefoxDriver.<init>(FirefoxDriver.java:99)
at org.openqa.selenium.firefox.FirefoxDriver.<init>(FirefoxDriver.java:95)
at org.openqa.selenium.firefox.FirefoxDriver.<init>(FirefoxDriver.java:85)
at type_of_execution.OpenBrowser.openBro(OpenBrowser.java:26)
at java.base/jdk.internal.reflect.DirectMethodHandleAccessor.invoke(DirectMethodHandleAccessor.java:103)
at java.base/java.lang.reflect.Method.invoke(Method.java:580)
at org.testng.internal.invokers.MethodInvocationHelper.invokeMethod(MethodInvocationHelper.java:141)
at org.testng.internal.invokers.TestInvoker.invokeMethod(TestInvoker.java:687)
at org.testng.internal.invokers.TestInvoker.invokeTestMethod(TestInvoker.java:230)
at org.testng.internal.invokers.MethodRunner.runInSequence(MethodRunner.java:63)
at org.testng.internal.invokers.TestInvoker$MethodInvocationAgent.invoke(TestInvoker.java:995)
at org.testng.internal.invokers.TestInvoker.invokeTestMethods(TestInvoker.java:203)
at org.testng.internal.invokers.TestMethodWorker.invokeTestMethods(TestMethodWorker.java:154)
at org.testng.internal.invokers.TestMethodWorker.run(TestMethodWorker.java:134)
at java.base/java.util.ArrayList.forEach(ArrayList.java:1596)
at org.testng.TestRunner.privateRun(TestRunner.java:741)
at org.testng.TestRunner.run(TestRunner.java:616)
at org.testng.SuiteRunner.runTest(SuiteRunner.java:421)
at org.testng.SuiteRunner$SuiteWorker.run(SuiteRunner.java:463)
at org.testng.internal.thread.ThreadUtil.lambda$execute$0(ThreadUtil.java:64)
at java.base/java.util.concurrent.FutureTask.run(FutureTask.java:317)
at java.base/java.util.concurrent.ThreadPoolExecutor.runWorker(ThreadPoolExecutor.java:1144)
at java.base/java.util.concurrent.ThreadPoolExecutor$Worker.run(ThreadPoolExecutor.java:642)
at java.base/java.lang.Thread.run(Thread.java:1583)
Caused by: org.openqa.selenium.WebDriverException: Command failed with code: 65, executed: [--browser, firefox, --language-binding, java, --output, json]
error sending request for url (https://github.com/mozilla/geckodriver/releases/latest)
Build info: version: '4.41.0', revision: '9fc754f'
System info: os.name: 'Windows 11', os.arch: 'amd64', os.version: '10.0', java.version: '21.0.10'
Driver info: driver.version: FirefoxDriver
at org.openqa.selenium.manager.SeleniumManager.runCommand(SeleniumManager.java:176)
at org.openqa.selenium.manager.SeleniumManager.getBinaryPaths(SeleniumManager.java:275)
at org.openqa.selenium.remote.service.DriverFinder.getBinaryPaths(DriverFinder.java:103)
... 27 more
]]>
    </error>
  </testcase> <!-- openBro -->
  <testcase classname="type_of_execution.OpenBrowser" name="openBro" time="4.258"/>
  <testcase classname="type_of_execution.OpenBrowser" name="openBro" time="4.213"/>
</testsuite> <!-- type_of_execution.OpenBrowser -->
