<?xml version="1.0" encoding="UTF-8"?>
<!-- Generated by org.testng.reporters.JUnitReportReporter -->
<testsuite hostname="LAPTOP-O1BU3BPH" failures="0" tests="3" name="helper_att.samplePriority" time="0.008" errors="0" timestamp="2026-04-28T19:51:49 IST" skipped="0">
  <testcase classname="helper_att.samplePriority" name="createCity" time="0.006">
    <system-out>
      <![CDATA[created Noida]]>
    </system-out>
  </testcase> <!-- createCity -->
  <testcase classname="helper_att.samplePriority" name="modifyCity" time="0.001">
    <system-out>
      <![CDATA[Noida=>SmartNoida]]>
    </system-out>
  </testcase> <!-- modifyCity -->
  <testcase classname="helper_att.samplePriority" name="deleteCity" time="0.001">
    <system-out>
      <![CDATA[SmartNoida deleted]]>
    </system-out>
  </testcase> <!-- deleteCity -->
  <system-out>
    <![CDATA[created Noida
Noida=>SmartNoida
SmartNoida deleted]]>
  </system-out>
</testsuite> <!-- helper_att.samplePriority -->
