<?xml version="1.0" encoding="UTF-8"?>
<!-- Generated by org.testng.reporters.JUnitReportReporter -->
<testsuite hostname="LAPTOP-O1BU3BPH" failures="0" tests="3" name="type_of_execution.OrgTest" time="0.017" errors="0" timestamp="2026-05-05T14:03:35 IST" skipped="0">
  <testcase classname="type_of_execution.OrgTest" name="deleteOrgTest" time="0.003"/>
  <testcase classname="type_of_execution.OrgTest" name="modifyOrgTest" time="0.002"/>
  <testcase classname="type_of_execution.OrgTest" name="createOrgTest" time="0.012"/>
</testsuite> <!-- type_of_execution.OrgTest -->
