<?xml version="1.0" encoding="UTF-8"?>
<!-- Generated by org.testng.reporters.JUnitReportReporter -->
<testsuite hostname="LAPTOP-O1BU3BPH" failures="0" tests="8" name="helper_att.sampleTest" time="0.019" errors="0" timestamp="2026-04-29T08:15:20 IST" skipped="1">
  <testcase classname="helper_att.sampleTest" name="case1" time="0.003">
    <system-out>
      <![CDATA[sample1]]>
    </system-out>
  </testcase> <!-- case1 -->
  <testcase classname="helper_att.sampleTest" name="case1" time="0.002">
    <system-out>
      <![CDATA[sample1]]>
    </system-out>
  </testcase> <!-- case1 -->
  <testcase classname="helper_att.sampleTest" name="case2" time="0.002">
    <system-out>
      <![CDATA[sample2]]>
    </system-out>
  </testcase> <!-- case2 -->
  <testcase classname="helper_att.sampleTest" name="case1" time="0.003">
    <system-out>
      <![CDATA[sample1]]>
    </system-out>
  </testcase> <!-- case1 -->
  <testcase classname="helper_att.sampleTest" name="case2" time="0.001">
    <system-out>
      <![CDATA[sample2]]>
    </system-out>
  </testcase> <!-- case2 -->
  <testcase classname="helper_att.sampleTest" name="case1" time="0.001">
    <system-out>
      <![CDATA[sample1]]>
    </system-out>
  </testcase> <!-- case1 -->
  <testcase classname="helper_att.sampleTest" name="case1" time="0.007">
    <system-out>
      <![CDATA[sample1]]>
    </system-out>
  </testcase> <!-- case1 -->
  <testcase classname="helper_att.sampleTest" name="case4">
    <skipped/>
  </testcase> <!-- case4 -->
  <system-out>
    <![CDATA[sample1
sample1
sample1
sample1
sample1
sample2
sample2]]>
  </system-out>
</testsuite> <!-- helper_att.sampleTest -->
