<?xml version="1.0" encoding="UTF-8"?>
<!-- Generated by org.testng.reporters.JUnitReportReporter -->
<testsuite hostname="LAPTOP-O1BU3BPH" failures="0" tests="3" name="type_of_execution.OrgTest" time="0.010" errors="0" timestamp="2026-05-02T10:55:13 IST" skipped="0">
  <testcase classname="type_of_execution.OrgTest" name="createOrgTest" time="0.008"/>
  <testcase classname="type_of_execution.OrgTest" name="modifyOrgTest" time="0.001"/>
  <testcase classname="type_of_execution.OrgTest" name="deleteOrgTest" time="0.001"/>
</testsuite> <!-- type_of_execution.OrgTest -->
